<?xml version="1.0" encoding="UTF-8"?>
<!-- Generated by org.testng.reporters.JUnitReportReporter -->
<testsuite hostname="C02DRRKMMD6M" failures="0" tests="2" name="com.smart.mobile.testcases.AppSettingPageTest" time="20.221" errors="2" timestamp="2023-03-07T01:15:09 IST" skipped="0">
  <testcase classname="com.smart.mobile.testcases.AppSettingPageTest" name="mobiletearDown" time="0.145">
    <error message="{&quot;value&quot;:{&quot;error&quot;:&quot;unknown method&quot;,&quot;message&quot;:&quot;Method is not implemented&quot;,&quot;stacktrace&quot;:&quot;NotImplementedError: Method is not implemented\n    at XCUITestDriver.closeWindow (/Users/C5327329/.appium/node_modules/appium-xcuitest-driver/lib/commands/navigation.js:49:11)\n    at commandExecutor (/usr/local/lib/node_modules/appium/node_modules/@appium/base-driver/lib/basedriver/driver.js:122:18)\n    at /usr/local/lib/node_modules/appium/node_modules/async-lock/lib/index.js:171:12\n    at AsyncLock._promiseTry (/usr/local/lib/node_modules/appium/node_modules/async-lock/lib/index.js:304:31)\n    at exec (/usr/local/lib/node_modules/appium/node_modules/async-lock/lib/index.js:170:9)\n    at AsyncLock.acquire (/usr/local/lib/node_modules/appium/node_modules/async-lock/lib/index.js:187:3)\n    at XCUITestDriver.executeCommand (/usr/local/lib/node_modules/appium/node_modules/@appium/base-driver/lib/basedriver/driver.js:138:39)\n    at processTicksAndRejections (node:internal/process/task_queues:95:5)\n    at XCUITestDriver.executeCommand (/Users/C5327329/.appium/node_modules/appium-xcuitest-driver/lib/driver.js:785:12)\n    at defaultBehavior (/usr/local/lib/node_modules/appium/lib/appium.js:685:14)\n    at AppiumDriver.executeWrappedCommand (/usr/local/lib/node_modules/appium/lib/appium.js:775:16)\n    at AppiumDriver.executeCommand (/usr/local/lib/node_modules/appium/lib/appium.js:697:17)\n    at asyncHandler (/usr/local/lib/node_modules/appium/node_modules/@appium/base-driver/lib/protocol/protocol.js:387:19)&quot;}}
Command duration or timeout: 74 milliseconds
Build info: version: &#039;4.8.0&#039;, revision: &#039;267030adea&#039;
System info: os.name: &#039;Mac OS X&#039;, os.arch: &#039;x86_64&#039;, os.version: &#039;11.2&#039;, java.version: &#039;16.0.1&#039;
Driver info: io.appium.java_client.ios.IOSDriver
Command: [19e0014a-b120-4f50-bafe-3a7f856c5170, close {}]
Capabilities {appium:app: //Users//C5327329//eclipse-..., appium:automationName: XCuiTest, appium:databaseEnabled: false, appium:deviceName: iPhone 12 Pro, appium:javascriptEnabled: true, appium:locationContextEnabled: false, appium:networkConnectionEnabled: false, appium:platformVersion: 16.2, appium:takesScreenshot: true, appium:udid: 4968BB01-EDCD-4DC5-A41A-669..., appium:wdaLaunchTimeout: 20000, appium:webStorageEnabled: false, platformName: IOS}
Session ID: 19e0014a-b120-4f50-bafe-3a7f856c5170" type="org.openqa.selenium.UnsupportedCommandException">
      <![CDATA[org.openqa.selenium.UnsupportedCommandException: {"value":{"error":"unknown method","message":"Method is not implemented","stacktrace":"NotImplementedError: Method is not implemented\n    at XCUITestDriver.closeWindow (/Users/C5327329/.appium/node_modules/appium-xcuitest-driver/lib/commands/navigation.js:49:11)\n    at commandExecutor (/usr/local/lib/node_modules/appium/node_modules/@appium/base-driver/lib/basedriver/driver.js:122:18)\n    at /usr/local/lib/node_modules/appium/node_modules/async-lock/lib/index.js:171:12\n    at AsyncLock._promiseTry (/usr/local/lib/node_modules/appium/node_modules/async-lock/lib/index.js:304:31)\n    at exec (/usr/local/lib/node_modules/appium/node_modules/async-lock/lib/index.js:170:9)\n    at AsyncLock.acquire (/usr/local/lib/node_modules/appium/node_modules/async-lock/lib/index.js:187:3)\n    at XCUITestDriver.executeCommand (/usr/local/lib/node_modules/appium/node_modules/@appium/base-driver/lib/basedriver/driver.js:138:39)\n    at processTicksAndRejections (node:internal/process/task_queues:95:5)\n    at XCUITestDriver.executeCommand (/Users/C5327329/.appium/node_modules/appium-xcuitest-driver/lib/driver.js:785:12)\n    at defaultBehavior (/usr/local/lib/node_modules/appium/lib/appium.js:685:14)\n    at AppiumDriver.executeWrappedCommand (/usr/local/lib/node_modules/appium/lib/appium.js:775:16)\n    at AppiumDriver.executeCommand (/usr/local/lib/node_modules/appium/lib/appium.js:697:17)\n    at asyncHandler (/usr/local/lib/node_modules/appium/node_modules/@appium/base-driver/lib/protocol/protocol.js:387:19)"}}
Command duration or timeout: 74 milliseconds
Build info: version: '4.8.0', revision: '267030adea'
System info: os.name: 'Mac OS X', os.arch: 'x86_64', os.version: '11.2', java.version: '16.0.1'
Driver info: io.appium.java_client.ios.IOSDriver
Command: [19e0014a-b120-4f50-bafe-3a7f856c5170, close {}]
Capabilities {appium:app: //Users//C5327329//eclipse-..., appium:automationName: XCuiTest, appium:databaseEnabled: false, appium:deviceName: iPhone 12 Pro, appium:javascriptEnabled: true, appium:locationContextEnabled: false, appium:networkConnectionEnabled: false, appium:platformVersion: 16.2, appium:takesScreenshot: true, appium:udid: 4968BB01-EDCD-4DC5-A41A-669..., appium:wdaLaunchTimeout: 20000, appium:webStorageEnabled: false, platformName: IOS}
Session ID: 19e0014a-b120-4f50-bafe-3a7f856c5170
at java.base/jdk.internal.reflect.NativeConstructorAccessorImpl.newInstance0(Native Method)
at java.base/jdk.internal.reflect.NativeConstructorAccessorImpl.newInstance(NativeConstructorAccessorImpl.java:78)
at java.base/jdk.internal.reflect.DelegatingConstructorAccessorImpl.newInstance(DelegatingConstructorAccessorImpl.java:45)
at java.base/java.lang.reflect.Constructor.newInstanceWithCaller(Constructor.java:499)
at java.base/java.lang.reflect.Constructor.newInstance(Constructor.java:480)
at org.openqa.selenium.remote.ErrorHandler.createThrowable(ErrorHandler.java:217)
at org.openqa.selenium.remote.ErrorHandler.throwIfResponseFailed(ErrorHandler.java:169)
at org.openqa.selenium.remote.RemoteWebDriver.execute(RemoteWebDriver.java:578)
at org.openqa.selenium.remote.RemoteWebDriver.execute(RemoteWebDriver.java:598)
at io.appium.java_client.AppiumDriver.execute(AppiumDriver.java:272)
at org.openqa.selenium.remote.RemoteWebDriver.close(RemoteWebDriver.java:419)
at com.smart.config.MobileBaseComponent.mobiletearDown(MobileBaseComponent.java:57)
at java.base/jdk.internal.reflect.NativeMethodAccessorImpl.invoke0(Native Method)
at java.base/jdk.internal.reflect.NativeMethodAccessorImpl.invoke(NativeMethodAccessorImpl.java:78)
at java.base/jdk.internal.reflect.DelegatingMethodAccessorImpl.invoke(DelegatingMethodAccessorImpl.java:43)
at java.base/java.lang.reflect.Method.invoke(Method.java:567)
at org.testng.internal.invokers.MethodInvocationHelper.invokeMethod(MethodInvocationHelper.java:139)
at org.testng.internal.invokers.MethodInvocationHelper.invokeMethodConsideringTimeout(MethodInvocationHelper.java:69)
at org.testng.internal.invokers.ConfigInvoker.invokeConfigurationMethod(ConfigInvoker.java:361)
at org.testng.internal.invokers.ConfigInvoker.invokeConfigurations(ConfigInvoker.java:296)
at org.testng.internal.invokers.TestMethodWorker.invokeAfterClassMethods(TestMethodWorker.java:222)
at org.testng.internal.invokers.TestMethodWorker.run(TestMethodWorker.java:131)
at java.base/java.util.ArrayList.forEach(ArrayList.java:1511)
at org.testng.TestRunner.privateRun(TestRunner.java:829)
at org.testng.TestRunner.run(TestRunner.java:602)
at org.testng.SuiteRunner.runTest(SuiteRunner.java:437)
at org.testng.SuiteRunner.runSequentially(SuiteRunner.java:431)
at org.testng.SuiteRunner.privateRun(SuiteRunner.java:391)
at org.testng.SuiteRunner.run(SuiteRunner.java:330)
at org.testng.SuiteRunnerWorker.runSuite(SuiteRunnerWorker.java:52)
at org.testng.SuiteRunnerWorker.run(SuiteRunnerWorker.java:95)
at org.testng.TestNG.runSuitesSequentially(TestNG.java:1256)
at org.testng.TestNG.runSuitesLocally(TestNG.java:1176)
at org.testng.TestNG.runSuites(TestNG.java:1099)
at org.testng.TestNG.run(TestNG.java:1067)
at org.testng.remote.AbstractRemoteTestNG.run(AbstractRemoteTestNG.java:115)
at org.testng.remote.RemoteTestNG.initAndRun(RemoteTestNG.java:251)
at org.testng.remote.RemoteTestNG.main(RemoteTestNG.java:77)
]]>
    </error>
  </testcase> <!-- mobiletearDown -->
  <system-out/>
  <testcase classname="com.smart.mobile.testcases.AppSettingPageTest" name="setAppsetting" time="20.076">
    <error message="No such context found.
Build info: version: &#039;4.8.0&#039;, revision: &#039;267030adea&#039;
System info: os.name: &#039;Mac OS X&#039;, os.arch: &#039;x86_64&#039;, os.version: &#039;11.2&#039;, java.version: &#039;16.0.1&#039;
Driver info: io.appium.java_client.ios.IOSDriver
Command: [19e0014a-b120-4f50-bafe-3a7f856c5170, switchToContext {name=WEBVIEW_com.sap.ariba.procurement}]
Capabilities {appium:app: //Users//C5327329//eclipse-..., appium:automationName: XCuiTest, appium:databaseEnabled: false, appium:deviceName: iPhone 12 Pro, appium:javascriptEnabled: true, appium:locationContextEnabled: false, appium:networkConnectionEnabled: false, appium:platformVersion: 16.2, appium:takesScreenshot: true, appium:udid: 4968BB01-EDCD-4DC5-A41A-669..., appium:wdaLaunchTimeout: 20000, appium:webStorageEnabled: false, platformName: IOS}
Session ID: 19e0014a-b120-4f50-bafe-3a7f856c5170" type="io.appium.java_client.NoSuchContextException">
      <![CDATA[io.appium.java_client.NoSuchContextException: No such context found.
Build info: version: '4.8.0', revision: '267030adea'
System info: os.name: 'Mac OS X', os.arch: 'x86_64', os.version: '11.2', java.version: '16.0.1'
Driver info: io.appium.java_client.ios.IOSDriver
Command: [19e0014a-b120-4f50-bafe-3a7f856c5170, switchToContext {name=WEBVIEW_com.sap.ariba.procurement}]
Capabilities {appium:app: //Users//C5327329//eclipse-..., appium:automationName: XCuiTest, appium:databaseEnabled: false, appium:deviceName: iPhone 12 Pro, appium:javascriptEnabled: true, appium:locationContextEnabled: false, appium:networkConnectionEnabled: false, appium:platformVersion: 16.2, appium:takesScreenshot: true, appium:udid: 4968BB01-EDCD-4DC5-A41A-669..., appium:wdaLaunchTimeout: 20000, appium:webStorageEnabled: false, platformName: IOS}
Session ID: 19e0014a-b120-4f50-bafe-3a7f856c5170
at io.appium.java_client.remote.SupportsContextSwitching.context(SupportsContextSwitching.java:48)
at com.smart.config.CommonComponent.switchToWebView(CommonComponent.java:52)
at com.smart.mobile.pages.AppSettingPage.setAppSettings(AppSettingPage.java:33)
at com.smart.mobile.testcases.AppSettingPageTest.setAppsetting(AppSettingPageTest.java:16)
at java.base/jdk.internal.reflect.NativeMethodAccessorImpl.invoke0(Native Method)
at java.base/jdk.internal.reflect.NativeMethodAccessorImpl.invoke(NativeMethodAccessorImpl.java:78)
at java.base/jdk.internal.reflect.DelegatingMethodAccessorImpl.invoke(DelegatingMethodAccessorImpl.java:43)
at java.base/java.lang.reflect.Method.invoke(Method.java:567)
at org.testng.internal.invokers.MethodInvocationHelper.invokeMethod(MethodInvocationHelper.java:139)
at org.testng.internal.invokers.TestInvoker.invokeMethod(TestInvoker.java:677)
at org.testng.internal.invokers.TestInvoker.invokeTestMethod(TestInvoker.java:221)
at org.testng.internal.invokers.MethodRunner.runInSequence(MethodRunner.java:50)
at org.testng.internal.invokers.TestInvoker$MethodInvocationAgent.invoke(TestInvoker.java:969)
at org.testng.internal.invokers.TestInvoker.invokeTestMethods(TestInvoker.java:194)
at org.testng.internal.invokers.TestMethodWorker.invokeTestMethods(TestMethodWorker.java:148)
at org.testng.internal.invokers.TestMethodWorker.run(TestMethodWorker.java:128)
at java.base/java.util.ArrayList.forEach(ArrayList.java:1511)
at org.testng.TestRunner.privateRun(TestRunner.java:829)
at org.testng.TestRunner.run(TestRunner.java:602)
at org.testng.SuiteRunner.runTest(SuiteRunner.java:437)
at org.testng.SuiteRunner.runSequentially(SuiteRunner.java:431)
at org.testng.SuiteRunner.privateRun(SuiteRunner.java:391)
at org.testng.SuiteRunner.run(SuiteRunner.java:330)
at org.testng.SuiteRunnerWorker.runSuite(SuiteRunnerWorker.java:52)
at org.testng.SuiteRunnerWorker.run(SuiteRunnerWorker.java:95)
at org.testng.TestNG.runSuitesSequentially(TestNG.java:1256)
at org.testng.TestNG.runSuitesLocally(TestNG.java:1176)
at org.testng.TestNG.runSuites(TestNG.java:1099)
at org.testng.TestNG.run(TestNG.java:1067)
at org.testng.remote.AbstractRemoteTestNG.run(AbstractRemoteTestNG.java:115)
at org.testng.remote.RemoteTestNG.initAndRun(RemoteTestNG.java:251)
at org.testng.remote.RemoteTestNG.main(RemoteTestNG.java:77)
Caused by: org.openqa.selenium.WebDriverException: No such context found.
Build info: version: '4.8.0', revision: '267030adea'
System info: os.name: 'Mac OS X', os.arch: 'x86_64', os.version: '11.2', java.version: '16.0.1'
Driver info: io.appium.java_client.ios.IOSDriver
Command: [19e0014a-b120-4f50-bafe-3a7f856c5170, switchToContext {name=WEBVIEW_com.sap.ariba.procurement}]
Capabilities {appium:app: //Users//C5327329//eclipse-..., appium:automationName: XCuiTest, appium:databaseEnabled: false, appium:deviceName: iPhone 12 Pro, appium:javascriptEnabled: true, appium:locationContextEnabled: false, appium:networkConnectionEnabled: false, appium:platformVersion: 16.2, appium:takesScreenshot: true, appium:udid: 4968BB01-EDCD-4DC5-A41A-669..., appium:wdaLaunchTimeout: 20000, appium:webStorageEnabled: false, platformName: IOS}
Session ID: 19e0014a-b120-4f50-bafe-3a7f856c5170
at java.base/jdk.internal.reflect.NativeConstructorAccessorImpl.newInstance0(Native Method)
at java.base/jdk.internal.reflect.NativeConstructorAccessorImpl.newInstance(NativeConstructorAccessorImpl.java:78)
at java.base/jdk.internal.reflect.DelegatingConstructorAccessorImpl.newInstance(DelegatingConstructorAccessorImpl.java:45)
at java.base/java.lang.reflect.Constructor.newInstanceWithCaller(Constructor.java:499)
at java.base/java.lang.reflect.Constructor.newInstance(Constructor.java:480)
at org.openqa.selenium.remote.codec.w3c.W3CHttpResponseCodec.createException(W3CHttpResponseCodec.java:200)
at org.openqa.selenium.remote.codec.w3c.W3CHttpResponseCodec.decode(W3CHttpResponseCodec.java:133)
at org.openqa.selenium.remote.codec.w3c.W3CHttpResponseCodec.decode(W3CHttpResponseCodec.java:53)
at org.openqa.selenium.remote.HttpCommandExecutor.execute(HttpCommandExecutor.java:184)
at io.appium.java_client.remote.AppiumCommandExecutor.execute(AppiumCommandExecutor.java:262)
at org.openqa.selenium.remote.RemoteWebDriver.execute(RemoteWebDriver.java:543)
at org.openqa.selenium.remote.RemoteWebDriver.execute(RemoteWebDriver.java:598)
at io.appium.java_client.AppiumDriver.execute(AppiumDriver.java:267)
at io.appium.java_client.remote.SupportsContextSwitching.context(SupportsContextSwitching.java:45)
... 31 more
]]>
    </error>
  </testcase> <!-- setAppsetting -->
  <system-out/>
</testsuite> <!-- com.smart.mobile.testcases.AppSettingPageTest -->
